<?xml version="1.0" encoding="UTF-8"?>
<testng-results ignored="0" total="5" passed="5" failed="0" skipped="0">
  <reporter-output>
  </reporter-output>
  <suite started-at="2024-02-17T14:24:59 IST" name="Default suite" finished-at="2024-02-17T14:25:11 IST" duration-ms="11665">
    <groups>
    </groups>
    <test started-at="2024-02-17T14:24:59 IST" name="Default test" finished-at="2024-02-17T14:25:11 IST" duration-ms="11665">
      <class name="com.OHRMApplication.LogInTest">
        <test-method is-config="true" signature="applicationLaunch()[pri:0, instance:com.OHRMApplication.LogInTest@e15b7e8]" started-at="2024-02-17T14:24:59 IST" name="applicationLaunch" finished-at="2024-02-17T14:25:03 IST" duration-ms="3932" status="PASS">
          <reporter-output>
          </reporter-output>
        </test-method> <!-- applicationLaunch -->
        <test-method signature="LogInPageTest()[pri:1, instance:com.OHRMApplication.LogInTest@e15b7e8]" started-at="2024-02-17T14:25:03 IST" name="LogInPageTest" finished-at="2024-02-17T14:25:03 IST" duration-ms="151" status="PASS">
          <reporter-output>
          </reporter-output>
        </test-method> <!-- LogInPageTest -->
        <test-method signature="logInTest()[pri:2, instance:com.OHRMApplication.LogInTest@e15b7e8]" started-at="2024-02-17T14:25:03 IST" name="logInTest" finished-at="2024-02-17T14:25:06 IST" duration-ms="2804" status="PASS">
          <reporter-output>
          </reporter-output>
        </test-method> <!-- logInTest -->
        <test-method signature="homePageTest()[pri:3, instance:com.OHRMApplication.LogInTest@e15b7e8]" started-at="2024-02-17T14:25:06 IST" name="homePageTest" finished-at="2024-02-17T14:25:06 IST" duration-ms="144" status="PASS">
          <reporter-output>
          </reporter-output>
        </test-method> <!-- homePageTest -->
        <test-method signature="AddEmployeeTest()[pri:4, instance:com.OHRMApplication.LogInTest@e15b7e8]" started-at="2024-02-17T14:25:06 IST" name="AddEmployeeTest" finished-at="2024-02-17T14:25:07 IST" duration-ms="1284" status="PASS">
          <reporter-output>
          </reporter-output>
        </test-method> <!-- AddEmployeeTest -->
        <test-method signature="logOutTest()[pri:5, instance:com.OHRMApplication.LogInTest@e15b7e8]" started-at="2024-02-17T14:25:07 IST" name="logOutTest" finished-at="2024-02-17T14:25:09 IST" duration-ms="2149" status="PASS">
          <reporter-output>
          </reporter-output>
        </test-method> <!-- logOutTest -->
        <test-method is-config="true" signature="applicationClose()[pri:0, instance:com.OHRMApplication.LogInTest@e15b7e8]" started-at="2024-02-17T14:25:09 IST" name="applicationClose" finished-at="2024-02-17T14:25:11 IST" duration-ms="1065" status="PASS">
          <reporter-output>
          </reporter-output>
        </test-method> <!-- applicationClose -->
      </class> <!-- com.OHRMApplication.LogInTest -->
    </test> <!-- Default test -->
  </suite> <!-- Default suite -->
</testng-results>
