<?xml version="1.0" encoding="UTF-8"?>
<!-- Generated by org.testng.reporters.JUnitXMLReporter -->
<testsuite ignored="0" hostname="DESKTOP-CE9JQAE" failures="0" tests="5" name="Default test" time="11.665" errors="0" timestamp="2024-02-17T14:25:11 IST">
  <testcase classname="com.OHRMApplication.LogInTest" name="LogInPageTest" time="0.151"/>
  <testcase classname="com.OHRMApplication.LogInTest" name="logInTest" time="2.804"/>
  <testcase classname="com.OHRMApplication.LogInTest" name="homePageTest" time="0.144"/>
  <testcase classname="com.OHRMApplication.LogInTest" name="AddEmployeeTest" time="1.284"/>
  <testcase classname="com.OHRMApplication.LogInTest" name="logOutTest" time="2.149"/>
</testsuite> <!-- Default test -->
