<?xml version="1.0" encoding="UTF-8"?>
<testng-results ignored="0" total="2" passed="2" failed="0" skipped="0">
  <reporter-output>
  </reporter-output>
  <suite started-at="2024-02-17T13:32:38 IST" name="Default suite" finished-at="2024-02-17T13:32:59 IST" duration-ms="21621">
    <groups>
    </groups>
    <test started-at="2024-02-17T13:32:38 IST" name="Default test" finished-at="2024-02-17T13:32:59 IST" duration-ms="21621">
      <class name="com.RadioButtonsTesting.copy">
        <test-method is-config="true" signature="setUp()[pri:0, instance:com.RadioButtonsTesting.copy@5386659f]" started-at="2024-02-17T13:32:38 IST" name="setUp" finished-at="2024-02-17T13:32:44 IST" duration-ms="6204" status="PASS">
          <reporter-output>
          </reporter-output>
        </test-method> <!-- setUp -->
        <test-method signature="test()[pri:0, instance:com.RadioButtonsTesting.copy@5386659f]" started-at="2024-02-17T13:32:44 IST" name="test" finished-at="2024-02-17T13:32:44 IST" duration-ms="17" status="PASS">
          <reporter-output>
          </reporter-output>
        </test-method> <!-- test -->
        <test-method signature="radioButtonsTesting()[pri:0, instance:com.RadioButtonsTesting.copy@5386659f]" started-at="2024-02-17T13:32:44 IST" name="radioButtonsTesting" finished-at="2024-02-17T13:32:59 IST" duration-ms="14333" status="PASS">
          <reporter-output>
          </reporter-output>
        </test-method> <!-- radioButtonsTesting -->
        <test-method is-config="true" signature="teardown()[pri:0, instance:com.RadioButtonsTesting.copy@5386659f]" started-at="2024-02-17T13:32:59 IST" name="teardown" finished-at="2024-02-17T13:32:59 IST" duration-ms="949" status="PASS">
          <reporter-output>
          </reporter-output>
        </test-method> <!-- teardown -->
      </class> <!-- com.RadioButtonsTesting.copy -->
    </test> <!-- Default test -->
  </suite> <!-- Default suite -->
</testng-results>
